[debug] [2025-08-30T11:00:34.080Z] ----------------------------------------------------------------------
[debug] [2025-08-30T11:00:34.085Z] Command:       /Users/texnofinance/.nvm/versions/node/v22.14.0/bin/node /Users/texnofinance/.nvm/versions/node/v22.14.0/bin/firebase deploy
[debug] [2025-08-30T11:00:34.085Z] CLI Version:   14.15.1
[debug] [2025-08-30T11:00:34.085Z] Platform:      darwin
[debug] [2025-08-30T11:00:34.086Z] Node Version:  v22.14.0
[debug] [2025-08-30T11:00:34.086Z] Time:          Sat Aug 30 2025 16:00:34 GMT+0500 (Казахстан)
[debug] [2025-08-30T11:00:34.086Z] ----------------------------------------------------------------------
[debug] 
[debug] [2025-08-30T11:00:34.193Z] > command requires scopes: ["email","openid","https://www.googleapis.com/auth/cloudplatformprojects.readonly","https://www.googleapis.com/auth/firebase","https://www.googleapis.com/auth/cloud-platform"]
[debug] [2025-08-30T11:00:34.193Z] > authorizing via signed-in user (kz.beta.info@gmail.com)
[debug] [2025-08-30T11:00:34.193Z] [iam] checking project alem-repetition for permissions ["firebase.projects.get","firebasehosting.sites.update"]
[debug] [2025-08-30T11:00:34.194Z] Checked if tokens are valid: false, expires at: 1756540549549
[debug] [2025-08-30T11:00:34.194Z] Checked if tokens are valid: false, expires at: 1756540549549
[debug] [2025-08-30T11:00:34.194Z] > refreshing access token with scopes: []
[debug] [2025-08-30T11:00:34.195Z] >>> [apiv2][query] POST https://www.googleapis.com/oauth2/v3/token [none]
[debug] [2025-08-30T11:00:34.195Z] >>> [apiv2][body] POST https://www.googleapis.com/oauth2/v3/token [omitted]
[debug] [2025-08-30T11:00:34.607Z] <<< [apiv2][status] POST https://www.googleapis.com/oauth2/v3/token 200
[debug] [2025-08-30T11:00:34.607Z] <<< [apiv2][body] POST https://www.googleapis.com/oauth2/v3/token [omitted]
[debug] [2025-08-30T11:00:34.620Z] >>> [apiv2][query] POST https://cloudresourcemanager.googleapis.com/v1/projects/alem-repetition:testIamPermissions [none]
[debug] [2025-08-30T11:00:34.620Z] >>> [apiv2][(partial)header] POST https://cloudresourcemanager.googleapis.com/v1/projects/alem-repetition:testIamPermissions x-goog-quota-user=projects/alem-repetition
[debug] [2025-08-30T11:00:34.620Z] >>> [apiv2][body] POST https://cloudresourcemanager.googleapis.com/v1/projects/alem-repetition:testIamPermissions {"permissions":["firebase.projects.get","firebasehosting.sites.update"]}
[debug] [2025-08-30T11:00:35.899Z] <<< [apiv2][status] POST https://cloudresourcemanager.googleapis.com/v1/projects/alem-repetition:testIamPermissions 200
[debug] [2025-08-30T11:00:35.899Z] <<< [apiv2][body] POST https://cloudresourcemanager.googleapis.com/v1/projects/alem-repetition:testIamPermissions {}
[debug] [2025-08-30T11:00:35.900Z] [iam] error while checking permissions, command may fail: Authorization failed. This account is missing the following required permissions on project alem-repetition:

  firebase.projects.get
  firebasehosting.sites.update
[debug] [2025-08-30T11:00:35.900Z] Checked if tokens are valid: true, expires at: 1756555233607
[debug] [2025-08-30T11:00:35.900Z] Checked if tokens are valid: true, expires at: 1756555233607
[debug] [2025-08-30T11:00:35.901Z] >>> [apiv2][query] GET https://firebase.googleapis.com/v1beta1/projects/alem-repetition [none]
[debug] [2025-08-30T11:00:36.706Z] <<< [apiv2][status] GET https://firebase.googleapis.com/v1beta1/projects/alem-repetition 403
[debug] [2025-08-30T11:00:36.707Z] <<< [apiv2][body] GET https://firebase.googleapis.com/v1beta1/projects/alem-repetition {"error":{"code":403,"message":"The caller does not have permission","status":"PERMISSION_DENIED"}}
[debug] [2025-08-30T11:00:36.708Z] Request to https://firebase.googleapis.com/v1beta1/projects/alem-repetition had HTTP Error: 403, The caller does not have permission
[debug] [2025-08-30T11:00:37.045Z] FirebaseError: Request to https://firebase.googleapis.com/v1beta1/projects/alem-repetition had HTTP Error: 403, The caller does not have permission
    at responseToError (/Users/texnofinance/.nvm/versions/node/v22.14.0/lib/node_modules/firebase-tools/lib/responseToError.js:52:12)
    at RetryOperation._fn (/Users/texnofinance/.nvm/versions/node/v22.14.0/lib/node_modules/firebase-tools/lib/apiv2.js:312:77)
    at process.processTicksAndRejections (node:internal/process/task_queues:105:5)
[error] 
[error] Error: Failed to get Firebase project alem-repetition. Please make sure the project exists and your account has permission to access it.
